<?xml version="1.0" encoding="UTF-8"?>
<!-- Generated by org.testng.reporters.JUnitXMLReporter -->
<testsuite ignored="0" hostname="Jani-PC" failures="0" tests="1" name="Test" time="0.026" errors="0" timestamp="2022-05-24T16:42:48 IST">
  <testcase classname="testJava.BaseTest" name="@BeforeSuite BrowserLaunch" time="-1.653390768519E9">
    <failure type="org.testng.TestNGException" message="
Parameter &amp;apos;browser&amp;apos; is required by BeforeSuite on method BrowserLaunch but has not been marked @Optional or defined
in F:\eclipse-workspace\orangeHRM-Testing-Automation\testng.xml">
      <![CDATA[org.testng.TestNGException: 
Parameter 'browser' is required by BeforeSuite on method BrowserLaunch but has not been marked @Optional or defined
in F:\eclipse-workspace\orangeHRM-Testing-Automation\testng.xml
... Removed 16 stack frames]]>
    </failure>
  </testcase> <!-- @BeforeSuite BrowserLaunch -->
  <testcase classname="testJava.LoginPageTest" name="verifyTitle" time="0.0">
    <skipped/>
  </testcase> <!-- verifyTitle -->
</testsuite> <!-- Test -->
